<?xml version="1.0" encoding="UTF-8"?>
<testng-results skipped="0" failed="0" ignored="0" total="1" passed="1">
  <reporter-output>
  </reporter-output>
  <suite name="Suite" duration-ms="7015" started-at="2019-06-09T23:41:01Z" finished-at="2019-06-09T23:41:09Z">
    <groups>
    </groups>
    <test name="Test-PageJump" duration-ms="7015" started-at="2019-06-09T23:41:01Z" finished-at="2019-06-09T23:41:09Z">
      <class name="com.forescout.challenge.PageJump">
        <test-method status="PASS" signature="setUp()[pri:0, instance:com.forescout.challenge.PageJump@531be3c5]" name="setUp" is-config="true" duration-ms="5122" started-at="2019-06-09T23:41:02Z" finished-at="2019-06-09T23:41:07Z">
          <reporter-output>
          </reporter-output>
        </test-method> <!-- setUp -->
        <test-method status="PASS" signature="jumpToPage()[pri:0, instance:com.forescout.challenge.PageJump@531be3c5]" name="jumpToPage" duration-ms="1169" started-at="2019-06-09T23:41:07Z" finished-at="2019-06-09T23:41:08Z">
          <reporter-output>
          </reporter-output>
        </test-method> <!-- jumpToPage -->
        <test-method status="PASS" signature="tearDown()[pri:0, instance:com.forescout.challenge.PageJump@531be3c5]" name="tearDown" is-config="true" duration-ms="697" started-at="2019-06-09T23:41:08Z" finished-at="2019-06-09T23:41:09Z">
          <reporter-output>
          </reporter-output>
        </test-method> <!-- tearDown -->
      </class> <!-- com.forescout.challenge.PageJump -->
    </test> <!-- Test-PageJump -->
  </suite> <!-- Suite -->
</testng-results>
